<?xml version="1.0" encoding="UTF-8"?>
<testsuite name="org.neo4j.collection.primitive.hopscotch.PrimitiveLongMapTest" time="0.104" tests="25" errors="0" skipped="0" failures="0">
  <properties>
    <property name="java.runtime.name" value="Java(TM) SE Runtime Environment"/>
    <property name="sun.boot.library.path" value="/Library/Java/JavaVirtualMachines/jdk1.7.0_71.jdk/Contents/Home/jre/lib"/>
    <property name="java.vm.version" value="24.71-b01"/>
    <property name="gopherProxySet" value="false"/>
    <property name="java.vm.vendor" value="Oracle Corporation"/>
    <property name="java.vendor.url" value="http://java.oracle.com/"/>
    <property name="path.separator" value=":"/>
    <property name="guice.disable.misplaced.annotation.check" value="true"/>
    <property name="java.vm.name" value="Java HotSpot(TM) 64-Bit Server VM"/>
    <property name="file.encoding.pkg" value="sun.io"/>
    <property name="user.country" value="US"/>
    <property name="sun.java.launcher" value="SUN_STANDARD"/>
    <property name="sun.os.patch.level" value="unknown"/>
    <property name="java.vm.specification.name" value="Java Virtual Machine Specification"/>
    <property name="user.dir" value="/Users/JustinHelbert/830/830/neo4j-master/community"/>
    <property name="java.runtime.version" value="1.7.0_71-b14"/>
    <property name="java.awt.graphicsenv" value="sun.awt.CGraphicsEnvironment"/>
    <property name="java.endorsed.dirs" value="/Library/Java/JavaVirtualMachines/jdk1.7.0_71.jdk/Contents/Home/jre/lib/endorsed"/>
    <property name="os.arch" value="x86_64"/>
    <property name="java.io.tmpdir" value="/var/folders/hl/_37m6d6x62j61jgzxgz8s8qh0000gq/T/"/>
    <property name="line.separator" value="&#10;"/>
    <property name="java.vm.specification.vendor" value="Oracle Corporation"/>
    <property name="os.name" value="Mac OS X"/>
    <property name="classworlds.conf" value="/usr/local/Cellar/maven/3.2.3/libexec/bin/m2.conf"/>
    <property name="sun.jnu.encoding" value="UTF-8"/>
    <property name="java.library.path" value="/Users/JustinHelbert/Library/Java/Extensions:/Library/Java/Extensions:/Network/Library/Java/Extensions:/System/Library/Java/Extensions:/usr/lib/java:."/>
    <property name="java.specification.name" value="Java Platform API Specification"/>
    <property name="java.class.version" value="51.0"/>
    <property name="sun.management.compiler" value="HotSpot 64-Bit Tiered Compilers"/>
    <property name="os.version" value="10.9.5"/>
    <property name="http.nonProxyHosts" value="local|*.local|169.254/16|*.169.254/16"/>
    <property name="user.home" value="/Users/JustinHelbert"/>
    <property name="user.timezone" value="America/New_York"/>
    <property name="java.awt.printerjob" value="sun.lwawt.macosx.CPrinterJob"/>
    <property name="java.specification.version" value="1.7"/>
    <property name="file.encoding" value="UTF-8"/>
    <property name="user.name" value="JustinHelbert"/>
    <property name="java.class.path" value="/usr/local/Cellar/maven/3.2.3/libexec/boot/plexus-classworlds-2.5.1.jar"/>
    <property name="java.vm.specification.version" value="1.7"/>
    <property name="sun.arch.data.model" value="64"/>
    <property name="java.home" value="/Library/Java/JavaVirtualMachines/jdk1.7.0_71.jdk/Contents/Home/jre"/>
    <property name="sun.java.command" value="org.codehaus.plexus.classworlds.launcher.Launcher clean install"/>
    <property name="java.specification.vendor" value="Oracle Corporation"/>
    <property name="user.language" value="en"/>
    <property name="awt.toolkit" value="sun.lwawt.macosx.LWCToolkit"/>
    <property name="java.vm.info" value="mixed mode"/>
    <property name="java.version" value="1.7.0_71"/>
    <property name="java.ext.dirs" value="/Users/JustinHelbert/Library/Java/Extensions:/Library/Java/JavaVirtualMachines/jdk1.7.0_71.jdk/Contents/Home/jre/lib/ext:/Library/Java/Extensions:/Network/Library/Java/Extensions:/System/Library/Java/Extensions:/usr/lib/java"/>
    <property name="sun.boot.class.path" value="/Library/Java/JavaVirtualMachines/jdk1.7.0_71.jdk/Contents/Home/jre/lib/resources.jar:/Library/Java/JavaVirtualMachines/jdk1.7.0_71.jdk/Contents/Home/jre/lib/rt.jar:/Library/Java/JavaVirtualMachines/jdk1.7.0_71.jdk/Contents/Home/jre/lib/sunrsasign.jar:/Library/Java/JavaVirtualMachines/jdk1.7.0_71.jdk/Contents/Home/jre/lib/jsse.jar:/Library/Java/JavaVirtualMachines/jdk1.7.0_71.jdk/Contents/Home/jre/lib/jce.jar:/Library/Java/JavaVirtualMachines/jdk1.7.0_71.jdk/Contents/Home/jre/lib/charsets.jar:/Library/Java/JavaVirtualMachines/jdk1.7.0_71.jdk/Contents/Home/jre/lib/jfr.jar:/Library/Java/JavaVirtualMachines/jdk1.7.0_71.jdk/Contents/Home/jre/classes"/>
    <property name="java.vendor" value="Oracle Corporation"/>
    <property name="maven.home" value="/usr/local/Cellar/maven/3.2.3/libexec"/>
    <property name="file.separator" value="/"/>
    <property name="java.vendor.url.bug" value="http://bugreport.sun.com/bugreport/"/>
    <property name="sun.cpu.endian" value="little"/>
    <property name="sun.io.unicode.encoding" value="UnicodeBig"/>
    <property name="socksNonProxyHosts" value="local|*.local|169.254/16|*.169.254/16"/>
    <property name="ftp.nonProxyHosts" value="local|*.local|169.254/16|*.169.254/16"/>
    <property name="sun.cpu.isalist" value=""/>
  </properties>
  <testcase name="shouldMoveValuesWhenMovingEntriesAround" classname="org.neo4j.collection.primitive.hopscotch.PrimitiveLongMapTest" time="0.001"/>
  <testcase name="shouldContainAddedValues" classname="org.neo4j.collection.primitive.hopscotch.PrimitiveLongMapTest" time="0.001"/>
  <testcase name="intObjectEntryVisitorShouldNotSeeEntriesAfterRequestingBreakOut" classname="org.neo4j.collection.primitive.hopscotch.PrimitiveLongMapTest" time="0.004"/>
  <testcase name="longIntEntryVisitorShouldSeeAllEntriesIfItDoesNotBreakOut" classname="org.neo4j.collection.primitive.hopscotch.PrimitiveLongMapTest" time="0.008"/>
  <testcase name="intObjectKeyVisitorShouldNotSeeEntriesAfterRequestingBreakOut" classname="org.neo4j.collection.primitive.hopscotch.PrimitiveLongMapTest" time="0.001"/>
  <testcase name="longObjectKeyVisitorShouldNotSeeEntriesAfterRequestingBreakOut" classname="org.neo4j.collection.primitive.hopscotch.PrimitiveLongMapTest" time="0.001"/>
  <testcase name="longLongEntryVisitorShouldNotSeeEntriesAfterRequestingBreakOut" classname="org.neo4j.collection.primitive.hopscotch.PrimitiveLongMapTest" time="0.011"/>
  <testcase name="shouldOnlyContainAddedValues" classname="org.neo4j.collection.primitive.hopscotch.PrimitiveLongMapTest" time="0.001"/>
  <testcase name="longIntEntryVisitorShouldNotSeeEntriesAfterRequestingBreakOut" classname="org.neo4j.collection.primitive.hopscotch.PrimitiveLongMapTest" time="0"/>
  <testcase name="intObjectEntryVisitorShouldSeeAllEntriesIfItDoesNotBreakOut" classname="org.neo4j.collection.primitive.hopscotch.PrimitiveLongMapTest" time="0.008"/>
  <testcase name="intObjectKeyVisitorShouldSeeAllEntriesIfItDoesNotBreakOut" classname="org.neo4j.collection.primitive.hopscotch.PrimitiveLongMapTest" time="0.008"/>
  <testcase name="longObjectEntryVisitorShouldSeeAllEntriesIfItDoesNotBreakOut" classname="org.neo4j.collection.primitive.hopscotch.PrimitiveLongMapTest" time="0.005"/>
  <testcase name="longObjectEntryVisitorShouldNotSeeEntriesAfterRequestingBreakOut" classname="org.neo4j.collection.primitive.hopscotch.PrimitiveLongMapTest" time="0"/>
  <testcase name="longIntKeyVisitorShouldSeeAllEntriesIfItDoesNotBreakOut" classname="org.neo4j.collection.primitive.hopscotch.PrimitiveLongMapTest" time="0.004"/>
  <testcase name="longLongKeyVisitorShouldNotSeeEntriesAfterRequestingBreakOut" classname="org.neo4j.collection.primitive.hopscotch.PrimitiveLongMapTest" time="0.01"/>
  <testcase name="longIntKeyVisitorShouldNotSeeEntriesAfterRequestingBreakOut" classname="org.neo4j.collection.primitive.hopscotch.PrimitiveLongMapTest" time="0.001"/>
  <testcase name="shouldContainAddedValues_2" classname="org.neo4j.collection.primitive.hopscotch.PrimitiveLongMapTest" time="0"/>
  <testcase name="shouldContainAddedValues_3" classname="org.neo4j.collection.primitive.hopscotch.PrimitiveLongMapTest" time="0"/>
  <testcase name="longObjectKeyVisitorShouldSeeAllEntriesIfItDoesNotBreakOut" classname="org.neo4j.collection.primitive.hopscotch.PrimitiveLongMapTest" time="0.001"/>
  <testcase name="shouldOnlyContainAddedValues_2" classname="org.neo4j.collection.primitive.hopscotch.PrimitiveLongMapTest" time="0"/>
  <testcase name="shouldOnlyContainAddedValues_3" classname="org.neo4j.collection.primitive.hopscotch.PrimitiveLongMapTest" time="0"/>
  <testcase name="longLongEntryVisitorShouldSeeAllEntriesIfItDoesNotBreakOut" classname="org.neo4j.collection.primitive.hopscotch.PrimitiveLongMapTest" time="0.023"/>
  <testcase name="shouldReturnCorrectPreviousValue" classname="org.neo4j.collection.primitive.hopscotch.PrimitiveLongMapTest" time="0"/>
  <testcase name="shouldHaveCorrectSize" classname="org.neo4j.collection.primitive.hopscotch.PrimitiveLongMapTest" time="0.001"/>
  <testcase name="longLongKeyVisitorShouldSeeAllEntriesIfItDoesNotBreakOut" classname="org.neo4j.collection.primitive.hopscotch.PrimitiveLongMapTest" time="0.015"/>
</testsuite>