<?xml version="1.0" encoding="UTF-8"?>
<testsuite name="org.neo4j.io.pagecache.impl.muninn.MuninnPageCacheTest" time="95.838" tests="108" errors="0" skipped="0" failures="0">
  <properties>
    <property name="java.runtime.name" value="Java(TM) SE Runtime Environment"/>
    <property name="sun.boot.library.path" value="/Library/Java/JavaVirtualMachines/jdk1.7.0_71.jdk/Contents/Home/jre/lib"/>
    <property name="java.vm.version" value="24.71-b01"/>
    <property name="gopherProxySet" value="false"/>
    <property name="java.vm.vendor" value="Oracle Corporation"/>
    <property name="java.vendor.url" value="http://java.oracle.com/"/>
    <property name="path.separator" value=":"/>
    <property name="guice.disable.misplaced.annotation.check" value="true"/>
    <property name="java.vm.name" value="Java HotSpot(TM) 64-Bit Server VM"/>
    <property name="file.encoding.pkg" value="sun.io"/>
    <property name="user.country" value="US"/>
    <property name="sun.java.launcher" value="SUN_STANDARD"/>
    <property name="sun.os.patch.level" value="unknown"/>
    <property name="java.vm.specification.name" value="Java Virtual Machine Specification"/>
    <property name="user.dir" value="/Users/JustinHelbert/830/830/neo4j-master/community"/>
    <property name="java.runtime.version" value="1.7.0_71-b14"/>
    <property name="java.awt.graphicsenv" value="sun.awt.CGraphicsEnvironment"/>
    <property name="java.endorsed.dirs" value="/Library/Java/JavaVirtualMachines/jdk1.7.0_71.jdk/Contents/Home/jre/lib/endorsed"/>
    <property name="os.arch" value="x86_64"/>
    <property name="java.io.tmpdir" value="/var/folders/hl/_37m6d6x62j61jgzxgz8s8qh0000gq/T/"/>
    <property name="line.separator" value="&#10;"/>
    <property name="java.vm.specification.vendor" value="Oracle Corporation"/>
    <property name="os.name" value="Mac OS X"/>
    <property name="classworlds.conf" value="/usr/local/Cellar/maven/3.2.3/libexec/bin/m2.conf"/>
    <property name="sun.jnu.encoding" value="UTF-8"/>
    <property name="java.library.path" value="/Users/JustinHelbert/Library/Java/Extensions:/Library/Java/Extensions:/Network/Library/Java/Extensions:/System/Library/Java/Extensions:/usr/lib/java:."/>
    <property name="java.specification.name" value="Java Platform API Specification"/>
    <property name="java.class.version" value="51.0"/>
    <property name="sun.management.compiler" value="HotSpot 64-Bit Tiered Compilers"/>
    <property name="os.version" value="10.9.5"/>
    <property name="http.nonProxyHosts" value="local|*.local|169.254/16|*.169.254/16"/>
    <property name="user.home" value="/Users/JustinHelbert"/>
    <property name="user.timezone" value="America/New_York"/>
    <property name="java.awt.printerjob" value="sun.lwawt.macosx.CPrinterJob"/>
    <property name="java.specification.version" value="1.7"/>
    <property name="file.encoding" value="UTF-8"/>
    <property name="user.name" value="JustinHelbert"/>
    <property name="java.class.path" value="/usr/local/Cellar/maven/3.2.3/libexec/boot/plexus-classworlds-2.5.1.jar"/>
    <property name="java.vm.specification.version" value="1.7"/>
    <property name="sun.arch.data.model" value="64"/>
    <property name="java.home" value="/Library/Java/JavaVirtualMachines/jdk1.7.0_71.jdk/Contents/Home/jre"/>
    <property name="sun.java.command" value="org.codehaus.plexus.classworlds.launcher.Launcher clean install"/>
    <property name="java.specification.vendor" value="Oracle Corporation"/>
    <property name="user.language" value="en"/>
    <property name="awt.toolkit" value="sun.lwawt.macosx.LWCToolkit"/>
    <property name="java.vm.info" value="mixed mode"/>
    <property name="java.version" value="1.7.0_71"/>
    <property name="java.ext.dirs" value="/Users/JustinHelbert/Library/Java/Extensions:/Library/Java/JavaVirtualMachines/jdk1.7.0_71.jdk/Contents/Home/jre/lib/ext:/Library/Java/Extensions:/Network/Library/Java/Extensions:/System/Library/Java/Extensions:/usr/lib/java"/>
    <property name="sun.boot.class.path" value="/Library/Java/JavaVirtualMachines/jdk1.7.0_71.jdk/Contents/Home/jre/lib/resources.jar:/Library/Java/JavaVirtualMachines/jdk1.7.0_71.jdk/Contents/Home/jre/lib/rt.jar:/Library/Java/JavaVirtualMachines/jdk1.7.0_71.jdk/Contents/Home/jre/lib/sunrsasign.jar:/Library/Java/JavaVirtualMachines/jdk1.7.0_71.jdk/Contents/Home/jre/lib/jsse.jar:/Library/Java/JavaVirtualMachines/jdk1.7.0_71.jdk/Contents/Home/jre/lib/jce.jar:/Library/Java/JavaVirtualMachines/jdk1.7.0_71.jdk/Contents/Home/jre/lib/charsets.jar:/Library/Java/JavaVirtualMachines/jdk1.7.0_71.jdk/Contents/Home/jre/lib/jfr.jar:/Library/Java/JavaVirtualMachines/jdk1.7.0_71.jdk/Contents/Home/jre/classes"/>
    <property name="java.vendor" value="Oracle Corporation"/>
    <property name="maven.home" value="/usr/local/Cellar/maven/3.2.3/libexec"/>
    <property name="file.separator" value="/"/>
    <property name="java.vendor.url.bug" value="http://bugreport.sun.com/bugreport/"/>
    <property name="sun.cpu.endian" value="little"/>
    <property name="sun.io.unicode.encoding" value="UnicodeBig"/>
    <property name="socksNonProxyHosts" value="local|*.local|169.254/16|*.169.254/16"/>
    <property name="ftp.nonProxyHosts" value="local|*.local|169.254/16|*.169.254/16"/>
    <property name="sun.cpu.isalist" value=""/>
  </properties>
  <testcase name="mustEvictCleanPageWithoutFlushing" classname="org.neo4j.io.pagecache.impl.muninn.MuninnPageCacheTest" time="0.032"/>
  <testcase name="primitiveLongIntMapReturnsMinusOneForKeysNotFound" classname="org.neo4j.io.pagecache.impl.muninn.MuninnPageCacheTest" time="0.001"/>
  <testcase name="mustUnblockPageFaultersWhenEvictionGetsException" classname="org.neo4j.io.pagecache.impl.muninn.MuninnPageCacheTest" time="0.108"/>
  <testcase name="closingTheCursorMustUnlockModifiedPage" classname="org.neo4j.io.pagecache.impl.muninn.MuninnPageCacheTest" time="0.003"/>
  <testcase name="mustFlushDirtyPagesOnEvictingAllPages" classname="org.neo4j.io.pagecache.impl.muninn.MuninnPageCacheTest" time="0.003"/>
  <testcase name="mustFlushDirtyPagesOnEvictingFirstPage" classname="org.neo4j.io.pagecache.impl.muninn.MuninnPageCacheTest" time="0.002"/>
  <testcase name="mustFlushDirtyPagesOnEvictingLastPage" classname="org.neo4j.io.pagecache.impl.muninn.MuninnPageCacheTest" time="0.002"/>
  <testcase name="getLongBeyondPageEndMustThrow" classname="org.neo4j.io.pagecache.impl.muninn.MuninnPageCacheTest" time="0.008"/>
  <testcase name="lastPageIdOfEmptyFileIsMinusOne" classname="org.neo4j.io.pagecache.impl.muninn.MuninnPageCacheTest" time="0.005"/>
  <testcase name="firstNextCallMustReturnFalseWhenTheFileIsEmptyAndNoGrowIsSpecified" classname="org.neo4j.io.pagecache.impl.muninn.MuninnPageCacheTest" time="0.003"/>
  <testcase name="pessimisticReadLockedPageMustNotBlockFileUnmapping" classname="org.neo4j.io.pagecache.impl.muninn.MuninnPageCacheTest" time="0.005"/>
  <testcase name="pagedFileIoMustThrowIfFileIsUnmapped" classname="org.neo4j.io.pagecache.impl.muninn.MuninnPageCacheTest" time="0.002"/>
  <testcase name="optimisticReadLockMustFaultOnRetryIfPageHasBeenEvicted" classname="org.neo4j.io.pagecache.impl.muninn.MuninnPageCacheTest" time="0.025"/>
  <testcase name="writesFlushedFromPageFileMustBeExternallyObservable" classname="org.neo4j.io.pagecache.impl.muninn.MuninnPageCacheTest" time="0.249"/>
  <testcase name="nextWithPageIdMustAllowTraversingInReverse" classname="org.neo4j.io.pagecache.impl.muninn.MuninnPageCacheTest" time="0.099"/>
  <testcase name="lastPageIdOfFileWithExactlyTwoPagesAndOneByteWorthOfDataIsTwo" classname="org.neo4j.io.pagecache.impl.muninn.MuninnPageCacheTest" time="0.002"/>
  <testcase name="mappingFileWithPageSizeGreaterThanCachePageSizeMustThrow" classname="org.neo4j.io.pagecache.impl.muninn.MuninnPageCacheTest" time="0.001"/>
  <testcase name="firstPageMustBeAccessibleEvenIfTheFileIsNonEmptyButSmallerThanFilePageSize" classname="org.neo4j.io.pagecache.impl.muninn.MuninnPageCacheTest" time="0.001"/>
  <testcase name="firstPageMustBeAccessibleWithNoGrowSpecifiedIfItIsTheOnlyPage" classname="org.neo4j.io.pagecache.impl.muninn.MuninnPageCacheTest" time="0.001"/>
  <testcase name="readingFromUnboundCursorMustThrow" classname="org.neo4j.io.pagecache.impl.muninn.MuninnPageCacheTest" time="0.001"/>
  <testcase name="firstPageMustNotBeAccessibleIfFileIsEmptyAndNoGrowSpecified" classname="org.neo4j.io.pagecache.impl.muninn.MuninnPageCacheTest" time="0.001"/>
  <testcase name="cursorOffsetMustBeUpdatedReadAndWrite" classname="org.neo4j.io.pagecache.impl.muninn.MuninnPageCacheTest" time="0.001"/>
  <testcase name="closingWithoutCallingNextMustLeavePageUnpinnedAndUntouched" classname="org.neo4j.io.pagecache.impl.muninn.MuninnPageCacheTest" time="0.001"/>
  <testcase name="evictionMustFlushPagesToTheRightFiles" classname="org.neo4j.io.pagecache.impl.muninn.MuninnPageCacheTest" time="0.15"/>
  <testcase name="mappingFileSecondTimeWithLesserPageSizeMustThrow" classname="org.neo4j.io.pagecache.impl.muninn.MuninnPageCacheTest" time="0.001"/>
  <testcase name="mustNotPinPagesAfterNextReturnsFalse" classname="org.neo4j.io.pagecache.impl.muninn.MuninnPageCacheTest" time="0.002"/>
  <testcase name="dirtyPagesMustBeFlushedWhenTheCacheIsClosed" classname="org.neo4j.io.pagecache.impl.muninn.MuninnPageCacheTest" time="0.041"/>
  <testcase name="lastPageIdMustIncreaseWhenScanningPastEndWithExclusiveLock" classname="org.neo4j.io.pagecache.impl.muninn.MuninnPageCacheTest" time="0.001"/>
  <testcase name="writingFromUnboundCursorMustThrow" classname="org.neo4j.io.pagecache.impl.muninn.MuninnPageCacheTest" time="0"/>
  <testcase name="mustThrowWhenClaimingWriteCursorWhileHavingReadCursor" classname="org.neo4j.io.pagecache.impl.muninn.MuninnPageCacheTest" time="0.001"/>
  <testcase name="putShortBeyondPageEndMustThrow" classname="org.neo4j.io.pagecache.impl.muninn.MuninnPageCacheTest" time="0.001"/>
  <testcase name="notSpecifyingAnyPfLockFlagsMustThrow" classname="org.neo4j.io.pagecache.impl.muninn.MuninnPageCacheTest" time="0.001"/>
  <testcase name="lastPageIdOfFileWithExactlyTwoPagesWorthOfDataIsOne" classname="org.neo4j.io.pagecache.impl.muninn.MuninnPageCacheTest" time="0.001"/>
  <testcase name="writeLockedPageCursorNextWithIdMustThrowIfFileIsUnmapped" classname="org.neo4j.io.pagecache.impl.muninn.MuninnPageCacheTest" time="0"/>
  <testcase name="writesOfDifferentUnitsMustHaveCorrectEndianess" classname="org.neo4j.io.pagecache.impl.muninn.MuninnPageCacheTest" time="0.001"/>
  <testcase name="writesToPagesMustNotBleedIntoAdjacentPages" classname="org.neo4j.io.pagecache.impl.muninn.MuninnPageCacheTest" time="0.006"/>
  <testcase name="readingAndRetryingOnPageWithOptimisticReadLockingAfterUnmappingMustNotThrow" classname="org.neo4j.io.pagecache.impl.muninn.MuninnPageCacheTest" time="0.001"/>
  <testcase name="nextToSpecificPageIdMustAdvanceFromThatPointOn" classname="org.neo4j.io.pagecache.impl.muninn.MuninnPageCacheTest" time="0"/>
  <testcase name="mappingFileWithPageSizeEqualToCachePageSizeMustNotThrow" classname="org.neo4j.io.pagecache.impl.muninn.MuninnPageCacheTest" time="0"/>
  <testcase name="rewindMustStartScanningOverFromTheBeginning" classname="org.neo4j.io.pagecache.impl.muninn.MuninnPageCacheTest" time="0.262"/>
  <testcase name="evictionThreadMustGracefullyShutDown" classname="org.neo4j.io.pagecache.impl.muninn.MuninnPageCacheTest" time="1.652"/>
  <testcase name="cursorCanReadUnsignedIntGreaterThanMaxInt" classname="org.neo4j.io.pagecache.impl.muninn.MuninnPageCacheTest" time="0.001"/>
  <testcase name="writeLockedPageCursorNextMustThrowIfFileIsUnmapped" classname="org.neo4j.io.pagecache.impl.muninn.MuninnPageCacheTest" time="0.001"/>
  <testcase name="pageFaultForReadMustThrowIfOutOfStorageSpace" classname="org.neo4j.io.pagecache.impl.muninn.MuninnPageCacheTest" time="0.004"/>
  <testcase name="getIntBeyondPageEndMustThrow" classname="org.neo4j.io.pagecache.impl.muninn.MuninnPageCacheTest" time="0.002"/>
  <testcase name="lastPageIdMustIncreaseWhenJumpingPastEndWithExclusiveLock" classname="org.neo4j.io.pagecache.impl.muninn.MuninnPageCacheTest" time="0.001"/>
  <testcase name="freshlyCreatedPagesMustContainAllZeros" classname="org.neo4j.io.pagecache.impl.muninn.MuninnPageCacheTest" time="0.096"/>
  <testcase name="retryMustResetCursorOffset" classname="org.neo4j.io.pagecache.impl.muninn.MuninnPageCacheTest" time="0.009"/>
  <testcase name="putIntBeyondPageEndMustThrow" classname="org.neo4j.io.pagecache.impl.muninn.MuninnPageCacheTest" time="0.001"/>
  <testcase name="getBytesBeyondPageEndMustThrow" classname="org.neo4j.io.pagecache.impl.muninn.MuninnPageCacheTest" time="0.002"/>
  <testcase name="newlyWrittenPagesMustBeAccessibleWithNoGrow" classname="org.neo4j.io.pagecache.impl.muninn.MuninnPageCacheTest" time="0.002"/>
  <testcase name="lastPageMustBeAccessibleWithNoGrowSpecified" classname="org.neo4j.io.pagecache.impl.muninn.MuninnPageCacheTest" time="0.001"/>
  <testcase name="getByteBeyondPageEndMustThrow" classname="org.neo4j.io.pagecache.impl.muninn.MuninnPageCacheTest" time="0.001"/>
  <testcase name="lastPageIdMustNotIncreaseWhenReadingToEndWithNoGrowAndExclusiveLock" classname="org.neo4j.io.pagecache.impl.muninn.MuninnPageCacheTest" time="0.008"/>
  <testcase name="flushingClosedCacheMustThrow" classname="org.neo4j.io.pagecache.impl.muninn.MuninnPageCacheTest" time="0"/>
  <testcase name="writeLockedPageMustBlockFileUnmapping" classname="org.neo4j.io.pagecache.impl.muninn.MuninnPageCacheTest" time="0.005"/>
  <testcase name="getUnsignedIntBeyondPageEndMustThrow" classname="org.neo4j.io.pagecache.impl.muninn.MuninnPageCacheTest" time="0.002"/>
  <testcase name="nextWithPageIdMustReturnFalseIfPageIdIsBeyondFilePageRangeAndNoGrowSpecified" classname="org.neo4j.io.pagecache.impl.muninn.MuninnPageCacheTest" time="0.002"/>
  <testcase name="currentPageIdIsUnboundBeforeFirstNextAndAfterRewind" classname="org.neo4j.io.pagecache.impl.muninn.MuninnPageCacheTest" time="0.001"/>
  <testcase name="mappingFilesInClosedCacheMustThrow" classname="org.neo4j.io.pagecache.impl.muninn.MuninnPageCacheTest" time="0.001"/>
  <testcase name="putLongBeyondPageEndMustThrow" classname="org.neo4j.io.pagecache.impl.muninn.MuninnPageCacheTest" time="0.002"/>
  <testcase name="pageFaultForWriteMustThrowIfOutOfStorageSpace" classname="org.neo4j.io.pagecache.impl.muninn.MuninnPageCacheTest" time="0.003"/>
  <testcase name="mustThrowWhenClaimingExclusivelyMoreThanOneCursorFromSamePageCacheButDifferentPagedFiles" classname="org.neo4j.io.pagecache.impl.muninn.MuninnPageCacheTest" time="0.001"/>
  <testcase name="readsAndWritesMustBeMutuallyConsistent" classname="org.neo4j.io.pagecache.impl.muninn.MuninnPageCacheTest" time="8.214"/>
  <testcase name="readLockedPageCursorNextWithIdMustThrowIfFileIsUnmapped" classname="org.neo4j.io.pagecache.impl.muninn.MuninnPageCacheTest" time="0.001"/>
  <testcase name="monitorMustBeNotifiedAboutPinUnpinFaultFlushAndEvictionEventsWhenWriting" classname="org.neo4j.io.pagecache.impl.muninn.MuninnPageCacheTest" time="0.024"/>
  <testcase name="writesFlushedFromPageCacheMustBeExternallyObservable" classname="org.neo4j.io.pagecache.impl.muninn.MuninnPageCacheTest" time="0.036"/>
  <testcase name="pageCacheMustRemainInternallyConsistentWhenGettingRandomFailures" classname="org.neo4j.io.pagecache.impl.muninn.MuninnPageCacheTest" time="34.833"/>
  <testcase name="getShortBeyondPageEndMustThrow" classname="org.neo4j.io.pagecache.impl.muninn.MuninnPageCacheTest" time="0.001"/>
  <testcase name="mustReportConfiguredMaxPages" classname="org.neo4j.io.pagecache.impl.muninn.MuninnPageCacheTest" time="0"/>
  <testcase name="mustReadExistingData" classname="org.neo4j.io.pagecache.impl.muninn.MuninnPageCacheTest" time="0.018"/>
  <testcase name="notSpecifyingAnyPfFlagsMustThrow" classname="org.neo4j.io.pagecache.impl.muninn.MuninnPageCacheTest" time="0.001"/>
  <testcase name="repeatablyWritesFlushedFromPageFileMustBeExternallyObservable" classname="org.neo4j.io.pagecache.impl.muninn.MuninnPageCacheTest" time="1.609"/>
  <testcase name="mustThrowWhenClaimingSharinglyMoreThanOneCursorFromSamePagedFile" classname="org.neo4j.io.pagecache.impl.muninn.MuninnPageCacheTest" time="0"/>
  <testcase name="lastPageMustBeAccessibleWithNoGrowSpecifiedEvenIfLessThanFilePageSize" classname="org.neo4j.io.pagecache.impl.muninn.MuninnPageCacheTest" time="0.001"/>
  <testcase name="readLockedPageCursorNextMustThrowIfFileIsUnmapped" classname="org.neo4j.io.pagecache.impl.muninn.MuninnPageCacheTest" time="0.001"/>
  <testcase name="advancingOptimisticReadLockingCursorAfterUnmappingMustThrow" classname="org.neo4j.io.pagecache.impl.muninn.MuninnPageCacheTest" time="0.001"/>
  <testcase name="pagesMustReturnToFreelistIfSwapInThrows" classname="org.neo4j.io.pagecache.impl.muninn.MuninnPageCacheTest" time="0.002"/>
  <testcase name="mustRecoverFromFullDriveWhenMoreStorageBecomesAvailable" classname="org.neo4j.io.pagecache.impl.muninn.MuninnPageCacheTest" time="0.002"/>
  <testcase name="mustThrowWhenClaimingExclusivelyMoreThanOneCursorFromSamePagedFile" classname="org.neo4j.io.pagecache.impl.muninn.MuninnPageCacheTest" time="0"/>
  <testcase name="mustScanInTheMiddleOfTheFile" classname="org.neo4j.io.pagecache.impl.muninn.MuninnPageCacheTest" time="0.016"/>
  <testcase name="concurrentFlushingMustNotPutInterleavedDataIntoFile" classname="org.neo4j.io.pagecache.impl.muninn.MuninnPageCacheTest" time="1.713"/>
  <testcase name="writesFlushedFromPageFileMustBeObservableEvenWhenRacingWithEviction" classname="org.neo4j.io.pagecache.impl.muninn.MuninnPageCacheTest" time="1.732"/>
  <testcase name="specifyingBothSharedAndExclusiveLocksMustThrow" classname="org.neo4j.io.pagecache.impl.muninn.MuninnPageCacheTest" time="0.002"/>
  <testcase name="mappingFileSecondTimeWithGreaterPageSizeMustThrow" classname="org.neo4j.io.pagecache.impl.muninn.MuninnPageCacheTest" time="0.001"/>
  <testcase name="mustThrowWhenClaimingReadCursorWhileHavingWriteCursor" classname="org.neo4j.io.pagecache.impl.muninn.MuninnPageCacheTest" time="0.001"/>
  <testcase name="settingNegativeCursorOffsetMustThrow" classname="org.neo4j.io.pagecache.impl.muninn.MuninnPageCacheTest" time="0.001"/>
  <testcase name="blockedPageFaultersMustWakeUpWhenEvictionThreadCatchesException" classname="org.neo4j.io.pagecache.impl.muninn.MuninnPageCacheTest" time="0.003"/>
  <testcase name="lastPageIdOfFileWithOneByteIsZero" classname="org.neo4j.io.pagecache.impl.muninn.MuninnPageCacheTest" time="0"/>
  <testcase name="advancingPessimisticReadLockingCursorAfterUnmappingMustThrow" classname="org.neo4j.io.pagecache.impl.muninn.MuninnPageCacheTest" time="0.001"/>
  <testcase name="nextMustResetTheCursorOffset" classname="org.neo4j.io.pagecache.impl.muninn.MuninnPageCacheTest" time="0.001"/>
  <testcase name="pagesAddedWithNextWithPageIdMustBeAccessibleWithNoGrowSpecified" classname="org.neo4j.io.pagecache.impl.muninn.MuninnPageCacheTest" time="0.002"/>
  <testcase name="nextMustReturnTrueThenFalseWhenThereIsOnlyOnePageInTheFileAndNoGrowIsSpecified" classname="org.neo4j.io.pagecache.impl.muninn.MuninnPageCacheTest" time="0.001"/>
  <testcase name="concurrentPageFaultingMustNotPutInterleavedDataIntoPages" classname="org.neo4j.io.pagecache.impl.muninn.MuninnPageCacheTest" time="2.401"/>
  <testcase name="mustNotFlushCleanPagesWhenEvicting" classname="org.neo4j.io.pagecache.impl.muninn.MuninnPageCacheTest" time="0.025"/>
  <testcase name="sharedLockImpliesNoGrow" classname="org.neo4j.io.pagecache.impl.muninn.MuninnPageCacheTest" time="0.001"/>
  <testcase name="lastPageIdMustNotIncreaseWhenReadingToEndWithSharedLock" classname="org.neo4j.io.pagecache.impl.muninn.MuninnPageCacheTest" time="0.002"/>
  <testcase name="mustNotLoseUpdates" classname="org.neo4j.io.pagecache.impl.muninn.MuninnPageCacheTest" time="39.7"/>
  <testcase name="monitorMustBeNotifiedAboutPinUnpinFaultAndEvictEventsWhenReading" classname="org.neo4j.io.pagecache.impl.muninn.MuninnPageCacheTest" time="0.01"/>
  <testcase name="mustCloseFileChannelWhenTheLastHandleIsUnmapped" classname="org.neo4j.io.pagecache.impl.muninn.MuninnPageCacheTest" time="0"/>
  <testcase name="pageCacheCloseMustThrowIfFilesAreStillMapped" classname="org.neo4j.io.pagecache.impl.muninn.MuninnPageCacheTest" time="0.001"/>
  <testcase name="putByteBeyondPageEndMustThrow" classname="org.neo4j.io.pagecache.impl.muninn.MuninnPageCacheTest" time="0.001"/>
  <testcase name="mustSupportUnalignedWordAccesses" classname="org.neo4j.io.pagecache.impl.muninn.MuninnPageCacheTest" time="2.652"/>
  <testcase name="mustThrowWhenClaimingSharinglyMoreThanOneCursorFromSamePageCacheButDifferentPagedFiles" classname="org.neo4j.io.pagecache.impl.muninn.MuninnPageCacheTest" time="0.001"/>
  <testcase name="mustReportConfiguredCachePageSize" classname="org.neo4j.io.pagecache.impl.muninn.MuninnPageCacheTest" time="0"/>
  <testcase name="dataFromDifferentFilesMustNotBleedIntoEachOther" classname="org.neo4j.io.pagecache.impl.muninn.MuninnPageCacheTest" time="0.002"/>
  <testcase name="nextMustAdvanceCurrentPageId" classname="org.neo4j.io.pagecache.impl.muninn.MuninnPageCacheTest" time="0"/>
  <testcase name="putBytesBeyondPageEndMustThrow" classname="org.neo4j.io.pagecache.impl.muninn.MuninnPageCacheTest" time="0.001"/>
</testsuite>