<?xml version="1.0" encoding="UTF-8" ?><testsuite errors="0" name="jasmine.specs" tests="8" failures="0" skipped="0" hostname="localhost" time="0.0" timestamp="2014-12-07T18:53:41"><testcase classname="jasmine" name="DataBrowserRouter can pick out read-only queries" time="0.0" failure="false"/><testcase classname="jasmine" name="PropertyContainerView recognizes ascii characters as strings" time="0.0" failure="false"/><testcase classname="jasmine" name="PropertyContainerView recognizes strings containing odd characters as strings" time="0.0" failure="false"/><testcase classname="jasmine" name="PropertyContainerView recognizes valid JSON values as not being strings" time="0.0" failure="false"/><testcase classname="jasmine" name="LineChartTimeTicker formats ticks with 30-minute scale appropriately" time="0.0" failure="false"/><testcase classname="jasmine" name="LineChartTimeTicker formats ticks with 6-hour scale appropriately" time="0.0" failure="false"/><testcase classname="jasmine" name="Nano replaces placeholders" time="0.0" failure="false"/><testcase classname="jasmine" name="Nano allows truncating values" time="0.0" failure="false"/></testsuite>